TN:
SF:/home/ec2-user/environment/memodon/src/App.vue
FN:27,(anonymous_1)
FN:36,(anonymous_2)
FN:41,(anonymous_3)
FN:44,(anonymous_4)
FN:47,(anonymous_5)
FN:53,(anonymous_6)
FN:54,(anonymous_7)
FN:60,(anonymous_8)
FN:64,(anonymous_9)
FNF:9
FNH:7
FNDA:3,(anonymous_1)
FNDA:3,(anonymous_2)
FNDA:1,(anonymous_3)
FNDA:3,(anonymous_4)
FNDA:3,(anonymous_5)
FNDA:3,(anonymous_6)
FNDA:0,(anonymous_7)
FNDA:0,(anonymous_8)
FNDA:4,(anonymous_9)
DA:23,1
DA:24,1
DA:25,1
DA:26,1
DA:33,1
DA:34,3
DA:35,3
DA:37,3
DA:38,3
DA:41,1
DA:42,1
DA:45,3
DA:48,3
DA:49,0
DA:50,0
DA:54,3
DA:55,0
DA:56,0
DA:61,0
DA:62,0
DA:65,4
DA:66,1
DA:68,3
DA:69,3
DA:71,3
DA:72,3
DA:74,0
LF:27
LH:20
BRDA:48,0,0,0
BRDA:48,0,1,3
BRDA:55,1,0,0
BRDA:55,1,1,0
BRDA:62,2,0,0
BRDA:62,2,1,0
BRDA:65,3,0,1
BRDA:65,3,1,3
BRF:8
BRH:3
end_of_record
TN:
SF:/home/ec2-user/environment/memodon/src/components/Molecules/darkThemeSwitch.vue
FN:14,(anonymous_1)
FN:17,(anonymous_2)
FN:19,(anonymous_3)
FN:26,(anonymous_4)
FNF:4
FNH:3
FNDA:2,(anonymous_1)
FNDA:2,(anonymous_2)
FNDA:0,(anonymous_3)
FNDA:1,(anonymous_4)
DA:12,2
DA:13,2
DA:15,4
DA:16,2
DA:18,2
DA:19,2
DA:20,0
DA:21,0
DA:26,2
DA:27,1
LF:10
LH:8
BRDA:20,0,0,0
BRDA:20,0,1,0
BRDA:27,1,0,1
BRDA:27,1,1,0
BRF:4
BRH:1
end_of_record
TN:
SF:/home/ec2-user/environment/memodon/src/components/NavBar/NavBarMenu.vue
FN:55,(anonymous_1)
FN:61,(anonymous_2)
FN:68,(anonymous_3)
FN:76,(anonymous_4)
FN:80,(anonymous_5)
FN:81,(anonymous_6)
FN:88,(anonymous_7)
FN:89,(anonymous_8)
FNF:8
FNH:6
FNDA:3,(anonymous_1)
FNDA:3,(anonymous_2)
FNDA:3,(anonymous_3)
FNDA:3,(anonymous_4)
FNDA:3,(anonymous_5)
FNDA:0,(anonymous_6)
FNDA:3,(anonymous_7)
FNDA:0,(anonymous_8)
DA:52,2
DA:53,2
DA:54,2
DA:56,4
DA:57,3
DA:58,3
DA:59,3
DA:60,3
DA:62,3
DA:63,3
DA:64,3
DA:65,3
DA:69,3
DA:70,3
DA:72,0
DA:77,3
DA:81,3
DA:82,0
DA:83,0
DA:89,3
DA:90,0
LF:21
LH:17
BRDA:69,0,0,3
BRDA:69,0,1,0
BRDA:82,1,0,0
BRDA:82,1,1,0
BRF:4
BRH:1
end_of_record
TN:
SF:/home/ec2-user/environment/memodon/src/components/NavBar/SigningMenu.vue
FN:67,(anonymous_1)
FN:69,(anonymous_2)
FN:71,(anonymous_3)
FNF:3
FNH:0
FNDA:0,(anonymous_1)
FNDA:0,(anonymous_2)
FNDA:0,(anonymous_3)
DA:56,1
DA:57,1
DA:58,1
DA:66,1
LF:4
LH:4
BRF:0
BRH:0
end_of_record
TN:
SF:/home/ec2-user/environment/memodon/src/components/NavBar/UnauthMenu.vue
FN:41,(anonymous_1)
FNF:1
FNH:0
FNDA:0,(anonymous_1)
DA:29,1
DA:30,1
DA:31,1
DA:40,1
LF:4
LH:4
BRF:0
BRH:0
end_of_record
TN:
SF:/home/ec2-user/environment/memodon/src/components/Top/MainTitle.vue
FN:37,(anonymous_1)
FN:40,(anonymous_2)
FN:42,(anonymous_3)
FNF:3
FNH:2
FNDA:1,(anonymous_1)
FNDA:1,(anonymous_2)
FNDA:0,(anonymous_3)
DA:35,1
DA:36,1
DA:38,2
DA:39,1
DA:41,1
DA:42,1
DA:43,0
DA:44,0
LF:8
LH:6
BRDA:43,0,0,0
BRDA:43,0,1,0
BRF:2
BRH:0
end_of_record
TN:
SF:/home/ec2-user/environment/memodon/src/libs/globalConstVariables.ts
FNF:0
FNH:0
DA:2,2
DA:3,2
DA:4,2
DA:5,2
DA:6,2
DA:7,2
DA:8,2
DA:9,2
LF:8
LH:8
BRF:0
BRH:0
end_of_record
TN:
SF:/home/ec2-user/environment/memodon/src/store/index.ts
FNF:0
FNH:0
DA:1,5
DA:2,5
DA:3,5
DA:5,5
DA:11,5
DA:22,5
LF:6
LH:6
BRF:0
BRH:0
end_of_record
TN:
SF:/home/ec2-user/environment/memodon/src/store/modules/theme.ts
FN:14,(anonymous_0)
FN:19,(anonymous_1)
FNF:2
FNH:2
FNDA:5,(anonymous_0)
FNDA:2,(anonymous_1)
DA:1,5
DA:8,5
DA:15,5
DA:16,5
DA:19,5
DA:20,2
DA:24,5
DA:25,5
LF:8
LH:8
BRF:0
BRH:0
end_of_record
